build/app/outputs/mapping/release/seeds.txt
com.naomilago.flutter_quiz_app.MainActivity
com.naomilago.flutter_quiz_app.MainActivity: MainActivity()
...
io.flutter.plugin.editing.ImeSyncDeferringInsetsCallback: android.view.View view
androidx.window.layout.SidecarWindowBackend$WindowLayoutChangeCallbackWrapper: androidx.window.layout.WindowLayoutInfo lastInfo
androidx.core.app.RemoteActionCompatParcelizer: androidx.core.app.RemoteActionCompat read(androidx.versionedparcelable.VersionedParcel)
androidx.window.java.layout.WindowInfoTrackerCallbackAdapter$addListener$1$1
io.flutter.plugin.editing.ImeSyncDeferringInsetsCallback: android.view.View access$602(io.flutter.plugin.editing.ImeSyncDeferringInsetsCallback,android.view.View)
androidx.window.R$attr: int activityAction
androidx.window.core.Version: androidx.window.core.Version UNKNOWN
androidx.window.layout.SidecarCompat$TranslatingCallback: void onWindowLayoutChanged(android.os.IBinder,androidx.window.sidecar.SidecarWindowLayoutInfo)
androidx.window.embedding.ExtensionEmbeddingBackend$EmbeddingCallbackImpl: void setLastInfo(java.util.List)
androidx.window.embedding.EmbeddingRule
androidx.window.layout.ExtensionWindowLayoutInfoBackend$MulticastConsumer: androidx.window.layout.WindowLayoutInfo lastKnownValue
androidx.window.layout.SidecarCompat$FirstAttachAdapter: void onViewAttachedToWindow(android.view.View)
androidx.window.R$styleable: int SplitPlaceholderRule_splitLayoutDirection
androidx.window.layout.FoldingFeature$Orientation: androidx.window.layout.FoldingFeature$Orientation HORIZONTAL
io.flutter.embedding.engine.FlutterJNI: void nativeSurfaceWindowChanged(long,android.view.Surface)
androidx.lifecycle.Lifecycle$Event: androidx.lifecycle.Lifecycle$Event ON_STOP
androidx.window.layout.FoldingFeature$State: androidx.window.layout.FoldingFeature$State$Companion Companion
androidx.window.layout.FoldingFeature$OcclusionType: java.lang.String toString()
io.flutter.embedding.android.FlutterView: void setVisibility(int)
kotlinx.coroutines.android.AndroidDispatcherFactory: kotlinx.coroutines.MainCoroutineDispatcher createDispatcher(java.util.List)
io.flutter.embedding.engine.plugins.lifecycle.HiddenLifecycleReference: androidx.lifecycle.Lifecycle getLifecycle()
androidx.window.layout.WindowMetricsCalculator$Companion$decorator$1: WindowMetricsCalculator$Companion$decorator$1()
androidx.window.R$styleable: int[] SplitPairRule
kotlinx.coroutines.JobSupport: java.lang.Object _parentHandle
androidx.window.embedding.SplitController: void clearRegisteredRules()
io.flutter.plugin.editing.ImeSyncDeferringInsetsCallback: ImeSyncDeferringInsetsCallback(android.view.View,int,int)
io.flutter.embedding.engine.renderer.FlutterRenderer$DisplayFeatureState: io.flutter.embedding.engine.renderer.FlutterRenderer$DisplayFeatureState[] values()
androidx.window.R
androidx.window.embedding.EmbeddingTranslatingCallback: EmbeddingTranslatingCallback(androidx.window.embedding.EmbeddingInterfaceCompat$EmbeddingCallbackInterface,androidx.window.embedding.EmbeddingAdapter)
androidx.window.layout.WindowLayoutInfo: java.util.List getDisplayFeatures()
androidx.window.layout.FoldingFeature$State: FoldingFeature$State(java.lang.String)
kotlinx.coroutines.android.AndroidExceptionPreHandler
androidx.window.embedding.ExtensionEmbeddingBackend$SplitListenerWrapper: androidx.core.util.Consumer callback
androidx.window.layout.SidecarWindowBackend: androidx.window.layout.SidecarWindowBackend globalInstance
androidx.window.layout.HardwareFoldingFeature: boolean isSeparating()
kotlin.jvm.internal.CallableReference: kotlin.reflect.KCallable computeReflected()
androidx.window.embedding.SplitController: java.util.Set staticSplitRules
androidx.window.embedding.SplitRule: SplitRule(int,int,float,int)
androidx.window.layout.HardwareFoldingFeature: boolean equals(java.lang.Object)
androidx.window.java.layout.WindowInfoTrackerCallbackAdapter: void addListener(java.util.concurrent.Executor,androidx.core.util.Consumer,kotlinx.coroutines.flow.Flow)
androidx.window.layout.WindowMetricsCalculator$Companion$decorator$1: java.lang.Object invoke(java.lang.Object)