build/app/outputs/mapping/release/mapping.txt
# compiler: R8
# compiler_version: 2.1.62
# min_api: 20
# pg_map_id: e79f680
# common_typos_disable
...
io.flutter.view.AccessibilityBridge$1 -> io.flutter.view.c$a:
    io.flutter.view.AccessibilityBridge this$0 -> a
    void updateSemantics(java.nio.ByteBuffer,java.lang.String[],java.nio.ByteBuffer[]) -> a
    void updateCustomAccessibilityActions(java.nio.ByteBuffer,java.lang.String[]) -> b
    void onTooltip(java.lang.String) -> c
    void onLongPress(int) -> d
    void onTap(int) -> e
    void announce(java.lang.String) -> f
io.flutter.view.AccessibilityBridge$2 -> io.flutter.view.c$b:
    io.flutter.view.AccessibilityBridge this$0 -> a
io.flutter.view.AccessibilityBridge$3 -> io.flutter.view.c$c:
    io.flutter.view.AccessibilityBridge this$0 -> a
io.flutter.view.AccessibilityBridge$4 -> io.flutter.view.c$d:
    android.view.accessibility.AccessibilityManager val$accessibilityManager -> a
    io.flutter.view.AccessibilityBridge this$0 -> b
io.flutter.view.AccessibilityBridge$5 -> io.flutter.view.c$e:
    int[] $SwitchMap$io$flutter$view$AccessibilityBridge$StringAttributeType -> a
io.flutter.view.AccessibilityBridge$AccessibilityFeature -> io.flutter.view.c$f:
    io.flutter.view.AccessibilityBridge$AccessibilityFeature ACCESSIBLE_NAVIGATION -> e
    io.flutter.view.AccessibilityBridge$AccessibilityFeature INVERT_COLORS -> f
    io.flutter.view.AccessibilityBridge$AccessibilityFeature DISABLE_ANIMATIONS -> g
    io.flutter.view.AccessibilityBridge$AccessibilityFeature BOLD_TEXT -> h
    io.flutter.view.AccessibilityBridge$AccessibilityFeature REDUCE_MOTION -> i
    io.flutter.view.AccessibilityBridge$AccessibilityFeature[] $VALUES -> l
    io.flutter.view.AccessibilityBridge$AccessibilityFeature HIGH_CONTRAST -> j
    io.flutter.view.AccessibilityBridge$AccessibilityFeature ON_OFF_SWITCH_LABELS -> k
    int value -> d
io.flutter.view.AccessibilityBridge$Action -> io.flutter.view.c$g:
    io.flutter.view.AccessibilityBridge$Action CUSTOM_ACTION -> v
    io.flutter.view.AccessibilityBridge$Action DID_LOSE_ACCESSIBILITY_FOCUS -> u
    io.flutter.view.AccessibilityBridge$Action DID_GAIN_ACCESSIBILITY_FOCUS -> t
    io.flutter.view.AccessibilityBridge$Action PASTE -> s
    io.flutter.view.AccessibilityBridge$Action SET_TEXT -> z
    io.flutter.view.AccessibilityBridge$Action MOVE_CURSOR_BACKWARD_BY_WORD -> y
    io.flutter.view.AccessibilityBridge$Action MOVE_CURSOR_FORWARD_BY_WORD -> x
    io.flutter.view.AccessibilityBridge$Action DISMISS -> w
    int value -> d
    io.flutter.view.AccessibilityBridge$Action LONG_PRESS -> f
    io.flutter.view.AccessibilityBridge$Action[] $VALUES -> A
    io.flutter.view.AccessibilityBridge$Action TAP -> e
    io.flutter.view.AccessibilityBridge$Action SCROLL_DOWN -> j
    io.flutter.view.AccessibilityBridge$Action SCROLL_UP -> i
    io.flutter.view.AccessibilityBridge$Action SCROLL_RIGHT -> h
    io.flutter.view.AccessibilityBridge$Action SCROLL_LEFT -> g
    io.flutter.view.AccessibilityBridge$Action MOVE_CURSOR_FORWARD_BY_CHARACTER -> n
    io.flutter.view.AccessibilityBridge$Action SHOW_ON_SCREEN -> m
    io.flutter.view.AccessibilityBridge$Action DECREASE -> l
    io.flutter.view.AccessibilityBridge$Action INCREASE -> k
    io.flutter.view.AccessibilityBridge$Action CUT -> r
    io.flutter.view.AccessibilityBridge$Action COPY -> q