build/app/outputs/mapping/release/usage.txt
com.naomilago.flutter_quiz_app.BuildConfig
com.naomilago.flutter_quiz_app.R$drawable
com.naomilago.flutter_quiz_app.R$attr
com.naomilago.flutter_quiz_app.R$mipmap
com.naomilago.flutter_quiz_app.R$dimen
com.naomilago.flutter_quiz_app.R$style
com.naomilago.flutter_quiz_app.R$id
com.naomilago.flutter_quiz_app.R$styleable
com.naomilago.flutter_quiz_app.R$layout
com.naomilago.flutter_quiz_app.R$string
com.naomilago.flutter_quiz_app.R$integer
com.naomilago.flutter_quiz_app.R$color
com.naomilago.flutter_quiz_app.R
...
kotlin.collections.unsigned.UArraysKt___UArraysJvmKt$asList$2
io.flutter.view.FlutterNativeView$EngineLifecycleListenerImpl
kotlin.collections.SetsKt:
    private void <init>()
androidx.lifecycle.ClassesInfoCache
kotlin.reflect.KMutableProperty2$Setter
kotlinx.coroutines.channels.AbstractSendChannel$SendBufferedDesc
kotlinx.coroutines.CancellableContinuationImplKt:
    public static synthetic void getRESUME_TOKEN$annotations()
    private static final int UNDECIDED
    private static final int SUSPENDED
    private static final int RESUMED
kotlin.jvm.internal.Ref$CharRef
androidx.core.location.LocationManagerCompat$GpsStatusTransport$4
kotlinx.coroutines.flow.FlowKt__LimitKt$emitAbort$1
androidx.activity.R$id
kotlin.collections.AbstractIterator$WhenMappings
kotlin.reflect.KProperty$Getter
org.intellij.lang.annotations.JdkConstants$CalendarMonth
androidx.core.view.MarginLayoutParamsCompat
io.flutter.view.TextureRegistry$SurfaceTextureEntry:
    public abstract void release()
kotlinx.coroutines.ResumeAwaitOnCompletion
kotlin.collections.CollectionsKt___CollectionsKt$groupingBy$1
kotlin.jvm.internal.ArrayShortIterator
androidx.fragment.app.FragmentManagerImpl$AnimationOrAnimator
kotlin.sequences.SequencesKt__SequencesKt$flatten$2
androidx.core.graphics.BlendModeCompat
kotlin.collections.ArraysKt___ArraysKt$asSequence$$inlined$Sequence$8
kotlin.jvm.Synchronized
androidx.core.text.PrecomputedTextCompat$PrecomputedTextFutureTask
io.flutter.app.FlutterPluginRegistry
androidx.core.content.res.FontResourcesParserCompat$ProviderResourceEntry
kotlin.sequences.TransformingIndexedSequence$iterator$1
androidx.core.location.LocationManagerCompat$InlineHandlerExecutor
androidx.annotation.IntRange
kotlinx.coroutines.DelayKt$awaitCancellation$1
kotlinx.coroutines.selects.UnbiasedSelectBuilderImpl$onTimeout$1
androidx.core.view.WindowCompat$Impl16
androidx.core.text.BidiFormatter$DirectionalityEstimator
io.flutter.plugin.common.MethodChannel:
    public void resizeChannelBuffer(int)
    private static final java.lang.String TAG
androidx.core.view.ViewCompat$Api29Impl
org.jetbrains.annotations.TestOnly
kotlin.collections.AbstractMap$keys$1
kotlin.jvm.internal.MutablePropertyReference2Impl
kotlin.collections.FloatIterator
kotlinx.coroutines.flow.FlowKt__CollectKt$launchIn$1
kotlin.coroutines.intrinsics.IntrinsicsKt__IntrinsicsJvmKt$createCoroutineUnintercepted$$inlined$createCoroutineFromSuspendFunction$IntrinsicsKt__IntrinsicsJvmKt$2
kotlin.io.ByteStreamsKt
kotlin.comparisons.UComparisonsKt
kotlin.comparisons.ComparisonsKt___ComparisonsJvmKt:
    public static final java.lang.Comparable maxOf(java.lang.Comparable,java.lang.Comparable)
    private static final byte maxOf(byte,byte)
    private static final short maxOf(short,short)
    private static final int maxOf(int,int)
    private static final long maxOf(long,long)
    private static final float maxOf(float,float)
    private static final double maxOf(double,double)
    public static final java.lang.Comparable maxOf(java.lang.Comparable,java.lang.Comparable,java.lang.Comparable)
    private static final byte maxOf(byte,byte,byte)
    private static final short maxOf(short,short,short)
    private static final int maxOf(int,int,int)
    private static final long maxOf(long,long,long)
    private static final float maxOf(float,float,float)
    private static final double maxOf(double,double,double)
    public static final varargs java.lang.Comparable maxOf(java.lang.Comparable,java.lang.Comparable[])
    public static final varargs byte maxOf(byte,byte[])
    public static final varargs short maxOf(short,short[])
    public static final varargs int maxOf(int,int[])
    public static final varargs long maxOf(long,long[])
    public static final varargs float maxOf(float,float[])
    public static final varargs double maxOf(double,double[])
    public static final java.lang.Comparable minOf(java.lang.Comparable,java.lang.Comparable)
    private static final byte minOf(byte,byte)